<?xml version="1.0" encoding="UTF-8" standalone="no"?><testsuite errors="0" failures="0" hostname="Alex" name="default.load-models-ant-target" tests="10" time="0.313000"><properties><property name="java.vendor" value="Oracle Corporation"/><property name="org.eclipse.debug.ui.breakpoints.toggleFactoriesUsed" value="false"/><property name="osgi.bundles.defaultStartLevel" value="4"/><property name="org.osgi.supports.framework.extension" value="true"/><property name="sun.management.compiler" value="HotSpot 64-Bit Tiered Compilers"/><property name="eclipse.p2.profile" value="C__Users_Steven_eclipse_java-oxygen_eclipse"/><property name="os.name" value="Windows 8.1"/><property name="sun.boot.class.path" value="C:\Program Files\Java\jre1.8.0_161\lib\resources.jar;C:\Program Files\Java\jre1.8.0_161\lib\rt.jar;C:\Program Files\Java\jre1.8.0_161\lib\sunrsasign.jar;C:\Program Files\Java\jre1.8.0_161\lib\jsse.jar;C:\Program Files\Java\jre1.8.0_161\lib\jce.jar;C:\Program Files\Java\jre1.8.0_161\lib\charsets.jar;C:\Program Files\Java\jre1.8.0_161\lib\jfr.jar;C:\Program Files\Java\jre1.8.0_161\classes"/><property name="osgi.ws" value="win32"/><property name="sun.desktop" value="windows"/><property name="java.vm.specification.vendor" value="Oracle Corporation"/><property name="ant.home" value="C:\Users\Steven\.p2\pool\plugins\org.apache.ant_1.10.1.v20170504-0840"/><property name="java.runtime.version" value="1.8.0_161-b12"/><property name="osgi.instance.area" value="file:/C:/Users/Steven/workspaceNuevo/"/><property name="org.osgi.framework.uuid" value="373e07b4-8753-44a3-a201-0d6e2ff0591e"/><property name="org.eclipse.m2e.log.dir" value="C:\Users\Steven\workspaceNuevo\.metadata\.plugins\org.eclipse.m2e.logback.configuration"/><property name="user.name" value="Alex Erira"/><property name="osgi.framework.extensions" value="reference:file:org.eclipse.osgi.compatibility.state_1.1.0.v20170516-1513.jar,reference:file:org.eclipse.equinox.weaving.hook_1.2.0.v20160929-1449.jar"/><property name="org.osgi.framework.system.packages" value="javax.accessibility,javax.activation,javax.activity,javax.annotation,javax.annotation.processing,javax.crypto,javax.crypto.interfaces,javax.crypto.spec,javax.imageio,javax.imageio.event,javax.imageio.metadata,javax.imageio.plugins.bmp,javax.imageio.plugins.jpeg,javax.imageio.spi,javax.imageio.stream,javax.jws,javax.jws.soap,javax.lang.model,javax.lang.model.element,javax.lang.model.type,javax.lang.model.util,javax.management,javax.management.loading,javax.management.modelmbean,javax.management.monitor,javax.management.openmbean,javax.management.relation,javax.management.remote,javax.management.remote.rmi,javax.management.timer,javax.naming,javax.naming.directory,javax.naming.event,javax.naming.ldap,javax.naming.spi,javax.net,javax.net.ssl,javax.print,javax.print.attribute,javax.print.attribute.standard,javax.print.event,javax.rmi,javax.rmi.CORBA,javax.rmi.ssl,javax.script,javax.security.auth,javax.security.auth.callback,javax.security.auth.kerberos,javax.security.auth.login,javax.security.auth.spi,javax.security.auth.x500,javax.security.cert,javax.security.sasl,javax.sound.midi,javax.sound.midi.spi,javax.sound.sampled,javax.sound.sampled.spi,javax.sql,javax.sql.rowset,javax.sql.rowset.serial,javax.sql.rowset.spi,javax.swing,javax.swing.border,javax.swing.colorchooser,javax.swing.event,javax.swing.filechooser,javax.swing.plaf,javax.swing.plaf.basic,javax.swing.plaf.metal,javax.swing.plaf.multi,javax.swing.plaf.nimbus,javax.swing.plaf.synth,javax.swing.table,javax.swing.text,javax.swing.text.html,javax.swing.text.html.parser,javax.swing.text.rtf,javax.swing.tree,javax.swing.undo,javax.tools,javax.transaction,javax.transaction.xa,javax.xml,javax.xml.bind,javax.xml.bind.annotation,javax.xml.bind.annotation.adapters,javax.xml.bind.attachment,javax.xml.bind.helpers,javax.xml.bind.util,javax.xml.crypto,javax.xml.crypto.dom,javax.xml.crypto.dsig,javax.xml.crypto.dsig.dom,javax.xml.crypto.dsig.keyinfo,javax.xml.crypto.dsig.spec,javax.xml.datatype,javax.xml.namespace,javax.xml.parsers,javax.xml.soap,javax.xml.stream,javax.xml.stream.events,javax.xml.stream.util,javax.xml.transform,javax.xml.transform.dom,javax.xml.transform.sax,javax.xml.transform.stax,javax.xml.transform.stream,javax.xml.validation,javax.xml.ws,javax.xml.ws.handler,javax.xml.ws.handler.soap,javax.xml.ws.http,javax.xml.ws.soap,javax.xml.ws.spi,javax.xml.ws.spi.http,javax.xml.ws.wsaddressing,javax.xml.xpath,org.ietf.jgss,org.omg.CORBA,org.omg.CORBA_2_3,org.omg.CORBA_2_3.portable,org.omg.CORBA.DynAnyPackage,org.omg.CORBA.ORBPackage,org.omg.CORBA.portable,org.omg.CORBA.TypeCodePackage,org.omg.CosNaming,org.omg.CosNaming.NamingContextExtPackage,org.omg.CosNaming.NamingContextPackage,org.omg.Dynamic,org.omg.DynamicAny,org.omg.DynamicAny.DynAnyFactoryPackage,org.omg.DynamicAny.DynAnyPackage,org.omg.IOP,org.omg.IOP.CodecFactoryPackage,org.omg.IOP.CodecPackage,org.omg.Messaging,org.omg.PortableInterceptor,org.omg.PortableInterceptor.ORBInitInfoPackage,org.omg.PortableServer,org.omg.PortableServer.CurrentPackage,org.omg.PortableServer.POAManagerPackage,org.omg.PortableServer.POAPackage,org.omg.PortableServer.portable,org.omg.PortableServer.ServantLocatorPackage,org.omg.SendingContext,org.omg.stub.java.rmi,org.w3c.dom,org.w3c.dom.bootstrap,org.w3c.dom.css,org.w3c.dom.events,org.w3c.dom.html,org.w3c.dom.ls,org.w3c.dom.ranges,org.w3c.dom.stylesheets,org.w3c.dom.traversal,org.w3c.dom.views,org.w3c.dom.xpath,org.xml.sax,org.xml.sax.ext,org.xml.sax.helpers"/><property name="eclipse.launcher" value="C:\Users\Steven\eclipse\java-oxygen\eclipse\eclipse.exe"/><property name="org.eclipse.update.resolution_url" value=""/><property name="eclipse.launcher.name" value="Eclipse"/><property name="org.eclipse.swt.internal.deviceZoom" value="100"/><property name="org.osgi.framework.language" value="es"/><property name="osgi.frameworkClassPath" value="., file:C:/Users/Steven/.p2/pool/plugins/org.eclipse.osgi.compatibility.state_1.1.0.v20170516-1513.jar, file:C:/Users/Steven/.p2/pool/plugins/org.eclipse.equinox.weaving.hook_1.2.0.v20160929-1449.jar"/><property name="equinox.use.ds" value="true"/><property name="user.language" value="es"/><property name="org.osgi.framework.processor" value="x86-64"/><property name="osgi.compatibility.bootdelegation.default" value="true"/><property name="osgi.syspath" value="c:\Users\Steven\.p2\pool\plugins"/><property name="sun.boot.library.path" value="C:\Program Files\Java\jre1.8.0_161\bin"/><property name="org.osgi.framework.system.capabilities" value="osgi.ee; osgi.ee=&quot;OSGi/Minimum&quot;; version:List&lt;Version&gt;=&quot;1.0, 1.1, 1.2&quot;,osgi.ee; osgi.ee=&quot;JRE&quot;; version:List&lt;Version&gt;=&quot;1.0, 1.1&quot;,osgi.ee; osgi.ee=&quot;JavaSE&quot;; version:List&lt;Version&gt;=&quot;1.0, 1.1, 1.2, 1.3, 1.4, 1.5, 1.6, 1.7, 1.8&quot;,osgi.ee; osgi.ee=&quot;JavaSE/compact1&quot;; version:List&lt;Version&gt;=&quot;1.8&quot;,osgi.ee; osgi.ee=&quot;JavaSE/compact2&quot;; version:List&lt;Version&gt;=&quot;1.8&quot;,osgi.ee; osgi.ee=&quot;JavaSE/compact3&quot;; version:List&lt;Version&gt;=&quot;1.8&quot;"/><property name="oomph.redirection.index.redirection" value="index:/-&gt;http://git.eclipse.org/c/oomph/org.eclipse.oomph.git/plain/setups/"/><property name="osgi.compatibility.bootdelegation" value="true"/><property name="java.version" value="1.8.0_161"/><property name="org.osgi.framework.os.name" value="Windows8"/><property name="user.timezone" value="America/Bogota"/><property name="osgi.bundles" value="reference:file:org.eclipse.osgi.compatibility.state_1.1.0.v20170516-1513.jar,reference:file:org.eclipse.equinox.weaving.hook_1.2.0.v20160929-1449.jar,reference:file:org.eclipse.equinox.simpleconfigurator_1.2.0.v20170110-1705.jar@1:start"/><property name="sun.arch.data.model" value="64"/><property name="java.endorsed.dirs" value="C:\Program Files\Java\jre1.8.0_161\lib\endorsed"/><property name="osgi.tracefile" value="C:\Users\Steven\workspaceNuevo\.metadata\trace.log"/><property name="eclipse.application" value="org.eclipse.ui.ide.workbench"/><property name="sun.cpu.isalist" value="amd64"/><property name="sun.jnu.encoding" value="Cp1252"/><property name="file.encoding.pkg" value="sun.io"/><property name="equinox.init.uuid" value="true"/><property name="org.osgi.framework.vendor" value="Eclipse"/><property name="file.separator" value="\"/><property name="java.specification.name" value="Java Platform API Specification"/><property name="java.class.version" value="52.0"/><property name="user.country" value="419"/><property name="org.eclipse.equinox.launcher.splash.location" value="C:\Users\Steven\.p2\pool\plugins\org.eclipse.platform_4.7.2.v20171130-0510\splash.bmp"/><property name="java.home" value="C:\Program Files\Java\jre1.8.0_161"/><property name="osgi.os" value="win32"/><property name="eclipse.commands" value="-os&#10;win32&#10;-ws&#10;win32&#10;-arch&#10;x86_64&#10;-showsplash&#10;-launcher&#10;C:\Users\Steven\eclipse\java-oxygen\eclipse\eclipse.exe&#10;-name&#10;Eclipse&#10;--launcher.library&#10;C:\Users\Steven\.p2\pool\plugins\org.eclipse.equinox.launcher.win32.win32.x86_64_1.1.551.v20171108-1834\eclipse_1630.dll&#10;-startup&#10;C:\Users\Steven\eclipse\java-oxygen\eclipse\\plugins/org.eclipse.equinox.launcher_1.4.0.v20161219-1356.jar&#10;--launcher.appendVmargs&#10;-product&#10;org.eclipse.epp.package.java.product&#10;-launcher&#10;C:\Users\Steven\eclipse\java-oxygen\eclipse\eclipse.exe&#10;-product&#10;org.eclipse.epp.package.java.product&#10;-data&#10;C:\Users\Steven\workspaceNuevo&#10;-launcher&#10;C:\Users\Steven\eclipse\java-oxygen\eclipse\eclipse.exe&#10;-product&#10;org.eclipse.epp.package.java.product&#10;-vm&#10;C:\Program Files\Java\jre1.8.0_161\bin\server\jvm.dll&#10;"/><property name="java.vm.info" value="mixed mode"/><property name="osgi.splashLocation" value="C:\Users\Steven\.p2\pool\plugins\org.eclipse.platform_4.7.2.v20171130-0510\splash.bmp"/><property name="os.version" value="6.3"/><property name="osgi.arch" value="x86_64"/><property name="path.separator" value=";"/><property name="java.vm.version" value="25.161-b12"/><property name="org.osgi.supports.framework.fragment" value="true"/><property name="user.variant" value=""/><property name="ant.library.dir" value="C:\Users\Steven\.p2\pool\plugins\org.apache.ant_1.10.1.v20170504-0840\lib"/><property name="osgi.framework.shape" value="jar"/><property name="sun.awt.enableExtraMouseButtons" value="true"/><property name="oomph.update.url" value="http://download.eclipse.org/oomph/updates/milestone/latest"/><property name="osgi.instance.area.default" value="file:/C:/Users/Steven/eclipse-workspace/"/><property name="java.awt.printerjob" value="sun.awt.windows.WPrinterJob"/><property name="sun.io.unicode.encoding" value="UnicodeLittle"/><property name="papyrus.linklf_enable" value="true"/><property name="org.osgi.framework.version" value="1.8.0"/><property name="org.osgi.framework.storage" value="C:\Users\Steven\eclipse\java-oxygen\eclipse\configuration"/><property name="awt.toolkit" value="sun.awt.windows.WToolkit"/><property name="user.script" value=""/><property name="eclipse.stateSaveDelayInterval" value="30000"/><property name="osgi.install.area" value="file:/C:/Users/Steven/eclipse/java-oxygen/eclipse/"/><property name="osgi.framework" value="file:/C:/Users/Steven/.p2/pool/plugins/org.eclipse.osgi_3.12.50.v20170928-1321.jar"/><property name="user.home" value="C:\Users\Steven"/><property name="org.eclipse.equinox.simpleconfigurator.configUrl" value="file:org.eclipse.equinox.simpleconfigurator/bundles.info"/><property name="osgi.framework.useSystemProperties" value="true"/><property name="osgi.splashPath" value="file:/C:/Users/Steven/.p2/pool/plugins/org.eclipse.platform_4.7.2.v20171130-0510"/><property name="osgi.nl" value="es_419"/><property name="java.specification.vendor" value="Oracle Corporation"/><property name="java.library.path" value="C:\Users\Steven\eclipse\java-oxygen\eclipse;C:\Windows\Sun\Java\bin;C:\Windows\system32;C:\Windows;C:/Program Files/Java/jre1.8.0_161/bin/server;C:/Program Files/Java/jre1.8.0_161/bin;C:/Program Files/Java/jre1.8.0_161/lib/amd64;C:\ProgramData\Oracle\Java\javapath;C:\Windows\system32;C:\Windows;C:\Windows\System32\Wbem;C:\Windows\System32\WindowsPowerShell\v1.0\;C:\Program Files (x86)\Intel\OpenCL SDK\2.0\bin\x86;C:\Program Files (x86)\Intel\OpenCL SDK\2.0\bin\x64;C:\Program Files (x86)\QuickTime\QTSystem\;C:\Program Files\Git\cmd;C:\Program Files (x86)\NVIDIA Corporation\PhysX\Common;C:\Program Files\PuTTY\;C:\Program Files\dotnet\;C:\Program Files (x86)\dotnet\;C:\Program Files\Microsoft VS Code\bin;C:\Python27\;C:\Python27\Scripts;C:\Program Files\Amazon\AWSCLIV2\;C:\terraform;C:\Program Files\nodejs\;C:\Users\Steven\AppData\Local\Programs\Python\Python38-32\Scripts\;C:\Users\Steven\AppData\Local\Programs\Python\Python38-32\;C:\Ruby24-x64\bin; C:\Python27\;C:\Python27\Scripts;C:\Program Files\Heroku\bin;C:\Program Files\Docker Toolbox;C:\Python27\;C:\Python27\Scripts;C:\terraform\;C:\Users\Steven\AppData\Roaming\npm;C:\Users\Steven\Desktop;;."/><property name="java.vendor.url" value="http://java.oracle.com/"/><property name="org.osgi.framework.os.version" value="6.3.0"/><property name="eclipse.p2.data.area" value="file:/C:/Users/Steven/.p2/"/><property name="eclipse.startTime" value="1588610275310"/><property name="eclipse.p2.max.threads" value="10"/><property name="java.vm.vendor" value="Oracle Corporation"/><property name="java.runtime.name" value="Java(TM) SE Runtime Environment"/><property name="java.class.path" value="C:\Users\Steven\eclipse\java-oxygen\eclipse\\plugins/org.eclipse.equinox.launcher_1.4.0.v20161219-1356.jar"/><property name="ds.delayed.keepInstances" value="true"/><property name="osgi.requiredJavaVersion" value="1.8"/><property name="org.eclipse.update.reconcile" value="false"/><property name="eclipse.vm" value="C:\Program Files\Java\jre1.8.0_161\bin\server\jvm.dll"/><property name="java.vm.specification.name" value="Java Virtual Machine Specification"/><property name="java.vm.specification.version" value="1.8"/><property name="org.eclipse.platform.featureVersion" value="3.1"/><property name="sun.cpu.endian" value="little"/><property name="sun.os.patch.level" value=""/><property name="gosh.args" value="--nointeractive"/><property name="java.io.tmpdir" value="C:\Users\Steven\AppData\Local\Temp\"/><property name="applicationXMI" value="org.eclipse.ui.workbench/LegacyIDE.e4xmi"/><property name="java.vendor.url.bug" value="http://bugreport.sun.com/bugreport/"/><property name="eclipse.product" value="org.eclipse.epp.package.java.product"/><property name="eclipse.home.location" value="file:/C:/Users/Steven/eclipse/java-oxygen/eclipse/"/><property name="os.arch" value="amd64"/><property name="java.awt.graphicsenv" value="sun.awt.Win32GraphicsEnvironment"/><property name="DRIVERS_LOCATION" value="C:\Users\Steven\.dbeaver-drivers"/><property name="java.ext.dirs" value="C:\Program Files\Java\jre1.8.0_161\lib\ext;C:\Windows\Sun\Java\lib\ext"/><property name="user.dir" value="C:\Users\Steven\Desktop"/><property name="org.osgi.supports.framework.requirebundle" value="true"/><property name="line.separator" value="&#13;&#10;"/><property name="java.vm.name" value="Java HotSpot(TM) 64-Bit Server VM"/><property name="org.apache.commons.logging.Log" value="org.apache.commons.logging.impl.NoOpLog"/><property name="file.encoding" value="Cp1252"/><property name="eclipse.buildId" value="4.7.2.M20171130-0510"/><property name="eclipse.vmargs" value="-Dosgi.requiredJavaVersion=1.8&#10;-Dosgi.instance.area.default=@user.home/eclipse-workspace&#10;-XX:+UseG1GC&#10;-XX:+UseStringDeduplication&#10;-Dosgi.requiredJavaVersion=1.8&#10;-Xms256m&#10;-Xmx1024m&#10;-Declipse.p2.max.threads=10&#10;-Doomph.update.url=http://download.eclipse.org/oomph/updates/milestone/latest&#10;-Doomph.redirection.index.redirection=index:/-&gt;http://git.eclipse.org/c/oomph/org.eclipse.oomph.git/plain/setups/&#10;-Dosgi.requiredJavaVersion=1.8&#10;-Dosgi.instance.area.default=@user.home/eclipse-workspace&#10;-XX:+UseG1GC&#10;-XX:+UseStringDeduplication&#10;-Dosgi.requiredJavaVersion=1.8&#10;-Xms256m&#10;-Xmx1024m&#10;-Declipse.p2.max.threads=10&#10;-Doomph.update.url=http://download.eclipse.org/oomph/updates/milestone/latest&#10;-Doomph.redirection.index.redirection=index:/-&gt;http://git.eclipse.org/c/oomph/org.eclipse.oomph.git/plain/setups/&#10;-Dosgi.requiredJavaVersion=1.8&#10;-Dosgi.instance.area.default=@user.home/eclipse-workspace&#10;-XX:+UseG1GC&#10;-XX:+UseStringDeduplication&#10;-Dosgi.requiredJavaVersion=1.8&#10;-Xms256m&#10;-Xmx1024m&#10;-Declipse.p2.max.threads=10&#10;-Doomph.update.url=http://download.eclipse.org/oomph/updates/milestone/latest&#10;-Doomph.redirection.index.redirection=index:/-&gt;http://git.eclipse.org/c/oomph/org.eclipse.oomph.git/plain/setups/&#10;-Djava.class.path=C:\Users\Steven\eclipse\java-oxygen\eclipse\\plugins/org.eclipse.equinox.launcher_1.4.0.v20161219-1356.jar&#10;"/><property name="java.specification.version" value="1.8"/><property name="org.osgi.framework.executionenvironment" value="OSGi/Minimum-1.0,OSGi/Minimum-1.1,OSGi/Minimum-1.2,JavaSE/compact1-1.8,JavaSE/compact2-1.8,JavaSE/compact3-1.8,JRE-1.1,J2SE-1.2,J2SE-1.3,J2SE-1.4,J2SE-1.5,JavaSE-1.6,JavaSE-1.7,JavaSE-1.8"/><property name="sun.java2d.d3d" value="false"/><property name="osgi.logfile" value="C:\Users\Steven\workspaceNuevo\.metadata\.log"/><property name="osgi.configuration.area" value="file:/C:/Users/Steven/eclipse/java-oxygen/eclipse/configuration/"/></properties><testcase classname="default.load-models-ant-target" name="transformationWorksAsExpected" time="0.172000"/><testcase classname="default.load-models-ant-target" name="validaModelsBack" time="0.00000"/><testcase classname="default.load-models-ant-target" name="validaControllersBack" time="0.00000"/><testcase classname="default.load-models-ant-target" name="validaRoutesBack" time="0.00000"/><testcase classname="default.load-models-ant-target" name="validateRouteContent" time="0.0160000"/><testcase classname="default.load-models-ant-target" name="validateModelContent" time="0.00000"/><testcase classname="default.load-models-ant-target" name="validateControllerContent" time="0.0150000"/><testcase classname="default.load-models-ant-target" name="validateHtml" time="0.00000"/><testcase classname="default.load-models-ant-target" name="validatePanelJs" time="0.00000"/><testcase classname="default.load-models-ant-target" name="existSidebar" time="0.0160000"/><system-out>Test transformationWorksAsExpected {} passed [cpu: 171 ms, wallclock: 172 ms]&#13;
Test validaModelsBack {} passed [cpu: 0 ms, wallclock: 0 ms]&#13;
Test validaControllersBack {} passed [cpu: 0 ms, wallclock: 0 ms]&#13;
Test validaRoutesBack {} passed [cpu: 0 ms, wallclock: 0 ms]&#13;
Test validateRouteContent {} passed [cpu: 15 ms, wallclock: 16 ms]&#13;
Test validateModelContent {} passed [cpu: 0 ms, wallclock: 0 ms]&#13;
Test validateControllerContent {} passed [cpu: 15 ms, wallclock: 15 ms]&#13;
E:\MISO UNIANDES\2 Automatizacion de procesos\Round 2\Proyecto\04-05-2020\202010-proyecto-grupo1\uniandes.mdd.grupo.uno.metamodels\egl-transformations\front\app\public\components\insumos\insumos.component.html&#13;
true&#13;
E:\MISO UNIANDES\2 Automatizacion de procesos\Round 2\Proyecto\04-05-2020\202010-proyecto-grupo1\uniandes.mdd.grupo.uno.metamodels\egl-transformations\front\app\public\components\proveedores\proveedores.component.html&#13;
true&#13;
Test validateHtml {} passed [cpu: 0 ms, wallclock: 0 ms]&#13;
E:\MISO UNIANDES\2 Automatizacion de procesos\Round 2\Proyecto\04-05-2020\202010-proyecto-grupo1\uniandes.mdd.grupo.uno.metamodels\egl-transformations\front\app\public\components\insumos\insumos.component.js&#13;
true&#13;
E:\MISO UNIANDES\2 Automatizacion de procesos\Round 2\Proyecto\04-05-2020\202010-proyecto-grupo1\uniandes.mdd.grupo.uno.metamodels\egl-transformations\front\app\public\components\proveedores\proveedores.component.js&#13;
true&#13;
Test validatePanelJs {} passed [cpu: 0 ms, wallclock: 0 ms]&#13;
E:\MISO UNIANDES\2 Automatizacion de procesos\Round 2\Proyecto\04-05-2020\202010-proyecto-grupo1\uniandes.mdd.grupo.uno.metamodels\egl-transformations\front\app\public\layout\sidebar.component.ts&#13;
true&#13;
Test existSidebar {} passed [cpu: 15 ms, wallclock: 16 ms]&#13;
Test root {} passed [cpu: 218 ms, wallclock: 313 ms]&#13;
</system-out><system-err/></testsuite>